This is pdfTeX, Version 3.1415926-2.5-1.40.14 (MiKTeX 2.9 64-bit) (preloaded format=pdflatex 2014.3.16)  15 JUN 2014 20:09
entering extended mode
**D:/Kodning/LaTeX/CandidateReport/masterthesiseng.tex
(D:/Kodning/LaTeX/CandidateReport/masterthesiseng.tex
LaTeX2e <2011/06/27>
Babel <v3.8m> and hyphenation patterns for english, afrikaans, ancientgreek, ar
abic, armenian, assamese, basque, bengali, bokmal, bulgarian, catalan, coptic, 
croatian, czech, danish, dutch, esperanto, estonian, farsi, finnish, french, ga
lician, german, german-x-2013-05-26, greek, gujarati, hindi, hungarian, iceland
ic, indonesian, interlingua, irish, italian, kannada, kurmanji, latin, latvian,
 lithuanian, malayalam, marathi, mongolian, mongolianlmc, monogreek, ngerman, n
german-x-2013-05-26, nynorsk, oriya, panjabi, pinyin, polish, portuguese, roman
ian, russian, sanskrit, serbian, slovak, slovenian, spanish, swedish, swissgerm
an, tamil, telugu, turkish, turkmen, ukenglish, ukrainian, uppersorbian, usengl
ishmax, welsh, loaded.
(D:\Kodning\LaTeX\CandidateReport\idamasterthesis.cls
Document Class: idamasterthesis 2011/04/19 LaTeX idamasterthesis class
(D:\Kodning\LaTeX\CandidateReport\idathesis.cls
Document Class: idathesis 2005/11/10 LaTeX idathesis class
("C:\Program Files\MiKTeX 2.9\tex\latex\base\inputenc.sty"
Package: inputenc 2008/03/30 v1.1d Input encoding file
\inpenc@prehook=\toks14
\inpenc@posthook=\toks15

("C:\Program Files\MiKTeX 2.9\tex\latex\base\latin1.def"
File: latin1.def 2008/03/30 v1.1d Input encoding file
))
(D:\Kodning\LaTeX\CandidateReport\chngpage.sty
Package: chngpage 2003/08/10 v1.2 change page layout
\c@cp@cnt=\count79
\c@cp@tempcnt=\count80
)
("C:\Program Files\MiKTeX 2.9\tex\latex\fancyhdr\fancyhdr.sty"
\fancy@headwidth=\skip41
\f@ncyO@elh=\skip42
\f@ncyO@erh=\skip43
\f@ncyO@olh=\skip44
\f@ncyO@orh=\skip45
\f@ncyO@elf=\skip46
\f@ncyO@erf=\skip47
\f@ncyO@olf=\skip48
\f@ncyO@orf=\skip49
)
("C:\Program Files\MiKTeX 2.9\tex\generic\babel\babel.sty"
Package: babel 2008/07/08 v3.8m The Babel package

*************************************
* Local config file bblopts.cfg used
*
("C:\Program Files\MiKTeX 2.9\tex\latex\00miktex\bblopts.cfg"
File: bblopts.cfg 2006/07/31 v1.0 MiKTeX 'babel' configuration
)
("C:\Program Files\MiKTeX 2.9\tex\generic\babel\english.ldf"
Language: english 2005/03/30 v3.3o English support from the babel system

("C:\Program Files\MiKTeX 2.9\tex\generic\babel\babel.def"
File: babel.def 2008/07/08 v3.8m Babel common definitions
\babel@savecnt=\count81
\U@D=\dimen102
)
\l@canadian = a dialect from \language\l@american 
\l@australian = a dialect from \language\l@british 
\l@newzealand = a dialect from \language\l@british 
))
("C:\Program Files\MiKTeX 2.9\tex\latex\graphics\graphicx.sty"
Package: graphicx 1999/02/16 v1.0f Enhanced LaTeX Graphics (DPC,SPQR)

("C:\Program Files\MiKTeX 2.9\tex\latex\graphics\keyval.sty"
Package: keyval 1999/03/16 v1.13 key=value parser (DPC)
\KV@toks@=\toks16
)
("C:\Program Files\MiKTeX 2.9\tex\latex\graphics\graphics.sty"
Package: graphics 2009/02/05 v1.0o Standard LaTeX Graphics (DPC,SPQR)

("C:\Program Files\MiKTeX 2.9\tex\latex\graphics\trig.sty"
Package: trig 1999/03/16 v1.09 sin cos tan (DPC)
)
("C:\Program Files\MiKTeX 2.9\tex\latex\00miktex\graphics.cfg"
File: graphics.cfg 2007/01/18 v1.5 graphics configuration of teTeX/TeXLive
)
Package graphics Info: Driver file: pdftex.def on input line 91.

("C:\Program Files\MiKTeX 2.9\tex\latex\pdftex-def\pdftex.def"
File: pdftex.def 2011/05/27 v0.06d Graphics/color for pdfTeX

("C:\Program Files\MiKTeX 2.9\tex\generic\oberdiek\infwarerr.sty"
Package: infwarerr 2010/04/08 v1.3 Providing info/warning/error messages (HO)
)
("C:\Program Files\MiKTeX 2.9\tex\generic\oberdiek\ltxcmds.sty"
Package: ltxcmds 2011/11/09 v1.22 LaTeX kernel commands for general use (HO)
)
\Gread@gobject=\count82
))
\Gin@req@height=\dimen103
\Gin@req@width=\dimen104
)
("C:\Program Files\MiKTeX 2.9\tex\latex\amsfonts\amsfonts.sty"
Package: amsfonts 2013/01/14 v3.01 Basic AMSFonts support
\@emptytoks=\toks17
\symAMSa=\mathgroup4
\symAMSb=\mathgroup5
LaTeX Font Info:    Overwriting math alphabet `\mathfrak' in version `bold'
(Font)                  U/euf/m/n --> U/euf/b/n on input line 106.
)
\c@article=\count83

("C:\Program Files\MiKTeX 2.9\tex\latex\base\report.cls"
Document Class: report 2007/10/19 v1.4h Standard LaTeX document class
("C:\Program Files\MiKTeX 2.9\tex\latex\base\size10.clo"
File: size10.clo 2007/10/19 v1.4h Standard LaTeX file (size option)
)
\c@part=\count84
\c@chapter=\count85
\c@section=\count86
\c@subsection=\count87
\c@subsubsection=\count88
\c@paragraph=\count89
\c@subparagraph=\count90
\c@figure=\count91
\c@table=\count92
\abovecaptionskip=\skip50
\belowcaptionskip=\skip51
\bibindent=\dimen105
)
("C:\Program Files\MiKTeX 2.9\tex\latex\geometry\geometry.sty"
Package: geometry 2010/09/12 v5.6 Page Geometry

("C:\Program Files\MiKTeX 2.9\tex\generic\oberdiek\ifpdf.sty"
Package: ifpdf 2011/01/30 v2.3 Provides the ifpdf switch (HO)
Package ifpdf Info: pdfTeX in PDF mode is detected.
)
("C:\Program Files\MiKTeX 2.9\tex\generic\oberdiek\ifvtex.sty"
Package: ifvtex 2010/03/01 v1.5 Detect VTeX and its facilities (HO)
Package ifvtex Info: VTeX not detected.
)
("C:\Program Files\MiKTeX 2.9\tex\generic\ifxetex\ifxetex.sty"
Package: ifxetex 2010/09/12 v0.6 Provides ifxetex conditional
)
\Gm@cnth=\count93
\Gm@cntv=\count94
\c@Gm@tempcnt=\count95
\Gm@bindingoffset=\dimen106
\Gm@wd@mp=\dimen107
\Gm@odd@mp=\dimen108
\Gm@even@mp=\dimen109
\Gm@layoutwidth=\dimen110
\Gm@layoutheight=\dimen111
\Gm@layouthoffset=\dimen112
\Gm@layoutvoffset=\dimen113
\Gm@dimlist=\toks18

("C:\Program Files\MiKTeX 2.9\tex\latex\geometry\geometry.cfg"))))
("C:\Program Files\MiKTeX 2.9\tex\latex\amsfonts\amssymb.sty"
Package: amssymb 2013/01/14 v3.01 AMS font symbols
)
("C:\Program Files\MiKTeX 2.9\tex\latex\amsmath\amsmath.sty"
Package: amsmath 2013/01/14 v2.14 AMS math features
\@mathmargin=\skip52

For additional information on amsmath, use the `?' option.
("C:\Program Files\MiKTeX 2.9\tex\latex\amsmath\amstext.sty"
Package: amstext 2000/06/29 v2.01

("C:\Program Files\MiKTeX 2.9\tex\latex\amsmath\amsgen.sty"
File: amsgen.sty 1999/11/30 v2.0
\@emptytoks=\toks19
\ex@=\dimen114
))
("C:\Program Files\MiKTeX 2.9\tex\latex\amsmath\amsbsy.sty"
Package: amsbsy 1999/11/29 v1.2d
\pmbraise@=\dimen115
)
("C:\Program Files\MiKTeX 2.9\tex\latex\amsmath\amsopn.sty"
Package: amsopn 1999/12/14 v2.01 operator names
)
\inf@bad=\count96
LaTeX Info: Redefining \frac on input line 210.
\uproot@=\count97
\leftroot@=\count98
LaTeX Info: Redefining \overline on input line 306.
\classnum@=\count99
\DOTSCASE@=\count100
LaTeX Info: Redefining \ldots on input line 378.
LaTeX Info: Redefining \dots on input line 381.
LaTeX Info: Redefining \cdots on input line 466.
\Mathstrutbox@=\box26
\strutbox@=\box27
\big@size=\dimen116
LaTeX Font Info:    Redeclaring font encoding OML on input line 566.
LaTeX Font Info:    Redeclaring font encoding OMS on input line 567.
\macc@depth=\count101
\c@MaxMatrixCols=\count102
\dotsspace@=\muskip10
\c@parentequation=\count103
\dspbrk@lvl=\count104
\tag@help=\toks20
\row@=\count105
\column@=\count106
\maxfields@=\count107
\andhelp@=\toks21
\eqnshift@=\dimen117
\alignsep@=\dimen118
\tagshift@=\dimen119
\tagwidth@=\dimen120
\totwidth@=\dimen121
\lineht@=\dimen122
\@envbody=\toks22
\multlinegap=\skip53
\multlinetaggap=\skip54
\mathdisplay@stack=\toks23
LaTeX Info: Redefining \[ on input line 2665.
LaTeX Info: Redefining \] on input line 2666.
)
("C:\Program Files\MiKTeX 2.9\tex\latex\mh\mathtools.sty"
Package: mathtools 2013/02/12 v1.13 mathematical typesetting tools

("C:\Program Files\MiKTeX 2.9\tex\latex\tools\calc.sty"
Package: calc 2007/08/22 v4.3 Infix arithmetic (KKT,FJ)
\calc@Acount=\count108
\calc@Bcount=\count109
\calc@Adimen=\dimen123
\calc@Bdimen=\dimen124
\calc@Askip=\skip55
\calc@Bskip=\skip56
LaTeX Info: Redefining \setlength on input line 76.
LaTeX Info: Redefining \addtolength on input line 77.
\calc@Ccount=\count110
\calc@Cskip=\skip57
)
("C:\Program Files\MiKTeX 2.9\tex\latex\mh\mhsetup.sty"
Package: mhsetup 2010/01/21 v1.2a programming setup (MH)
)
LaTeX Info: Thecontrolsequence`\['isalreadyrobust on input line 129.
LaTeX Info: Thecontrolsequence`\]'isalreadyrobust on input line 129.
\g_MT_multlinerow_int=\count111
\l_MT_multwidth_dim=\dimen125
\origjot=\skip58
\l_MT_shortvdotswithinadjustabove_dim=\dimen126
\l_MT_shortvdotswithinadjustbelow_dim=\dimen127
\l_MT_above_intertext_sep=\dimen128
\l_MT_below_intertext_sep=\dimen129
\l_MT_above_shortintertext_sep=\dimen130
\l_MT_below_shortintertext_sep=\dimen131
)
("C:\Program Files\MiKTeX 2.9\tex\latex\enumitem\enumitem.sty"
Package: enumitem 2011/09/28 v3.5.2 Customized lists
\labelindent=\skip59
\enit@outerparindent=\dimen132
\enit@toks=\toks24
\enit@inbox=\box28
\enitdp@description=\count112
)
("C:\Program Files\MiKTeX 2.9\tex\latex\url\url.sty"
\Urlmuskip=\muskip11
Package: url 2013/09/16  ver 3.4  Verb mode for urls, etc.
)
("C:\Program Files\MiKTeX 2.9\tex\latex\dblfloatfix\dblfloatfix.sty"
Package: dblfloatfix 2012/12/31 v1.0a (JAW)

("C:\Program Files\MiKTeX 2.9\tex\latex\base\fixltx2e.sty"
Package: fixltx2e 2006/09/13 v1.1m fixes to LaTeX
LaTeX Info: Redefining \em on input line 420.
LaTeX Info: The control sequence `\(' is already robust on input line 469.
LaTeX Info: The control sequence `\)' is already robust on input line 470.
LaTeX Info: The control sequence `\[' is already robust on input line 471.
LaTeX Info: The control sequence `\]' is already robust on input line 472.
)
\@dblbotnum=\count113
\c@dblbotnumber=\count114
)
("C:\Program Files\MiKTeX 2.9\tex\latex\pdfpages\pdfpages.sty"
Package: pdfpages 2013/08/25 v0.4v Insert pages of external PDF documents (AM)

("C:\Program Files\MiKTeX 2.9\tex\latex\base\ifthen.sty"
Package: ifthen 2001/05/26 v1.1c Standard LaTeX ifthen package (DPC)
)
("C:\Program Files\MiKTeX 2.9\tex\latex\eso-pic\eso-pic.sty"
Package: eso-pic 2013/10/06 v2.0d eso-pic (RN)

("C:\Program Files\MiKTeX 2.9\tex\generic\oberdiek\atbegshi.sty"
Package: atbegshi 2011/10/05 v1.16 At begin shipout hook (HO)
)
("C:\Program Files\MiKTeX 2.9\tex\latex\xcolor\xcolor.sty"
Package: xcolor 2007/01/21 v2.11 LaTeX color extensions (UK)

("C:\Program Files\MiKTeX 2.9\tex\latex\00miktex\color.cfg"
File: color.cfg 2007/01/18 v1.5 color configuration of teTeX/TeXLive
)
Package xcolor Info: Driver file: pdftex.def on input line 225.
Package xcolor Info: Model `cmy' substituted by `cmy0' on input line 1337.
Package xcolor Info: Model `hsb' substituted by `rgb' on input line 1341.
Package xcolor Info: Model `RGB' extended on input line 1353.
Package xcolor Info: Model `HTML' substituted by `rgb' on input line 1355.
Package xcolor Info: Model `Hsb' substituted by `hsb' on input line 1356.
Package xcolor Info: Model `tHsb' substituted by `hsb' on input line 1357.
Package xcolor Info: Model `HSB' substituted by `hsb' on input line 1358.
Package xcolor Info: Model `Gray' substituted by `gray' on input line 1359.
Package xcolor Info: Model `wave' substituted by `hsb' on input line 1360.
))
("C:\Program Files\MiKTeX 2.9\tex\latex\pdfpages\pppdftex.def"
File: pppdftex.def 2013/08/25 v0.4v Pdfpages driver for pdfTeX (AM)
)
\AM@pagebox=\box29
\AM@toc@title=\toks25
\c@AM@survey=\count115
\AM@templatesizebox=\box30
)
(D:\Kodning\LaTeX\CandidateReport\masterthesiseng.aux)
LaTeX Font Info:    Checking defaults for OML/cmm/m/it on input line 33.
LaTeX Font Info:    ... okay on input line 33.
LaTeX Font Info:    Checking defaults for T1/cmr/m/n on input line 33.
LaTeX Font Info:    ... okay on input line 33.
LaTeX Font Info:    Checking defaults for OT1/cmr/m/n on input line 33.
LaTeX Font Info:    ... okay on input line 33.
LaTeX Font Info:    Checking defaults for OMS/cmsy/m/n on input line 33.
LaTeX Font Info:    ... okay on input line 33.
LaTeX Font Info:    Checking defaults for OMX/cmex/m/n on input line 33.
LaTeX Font Info:    ... okay on input line 33.
LaTeX Font Info:    Checking defaults for U/cmr/m/n on input line 33.
LaTeX Font Info:    ... okay on input line 33.

("C:\Program Files\MiKTeX 2.9\tex\context\base\supp-pdf.mkii"
[Loading MPS to PDF converter (version 2006.09.02).]
\scratchcounter=\count116
\scratchdimen=\dimen133
\scratchbox=\box31
\nofMPsegments=\count117
\nofMParguments=\count118
\everyMPshowfont=\toks26
\MPscratchCnt=\count119
\MPscratchDim=\dimen134
\MPnumerator=\count120
\makeMPintoPDFobject=\count121
\everyMPtoPDFconversion=\toks27
)
*geometry* driver: auto-detecting
*geometry* detected driver: pdftex
*geometry* verbose mode - [ preamble ] result:
* driver: pdftex
* paper: custom
* layout: <same size as paper>
* layoutoffset:(h,v)=(0.0pt,0.0pt)
* modes: twoside 
* h-part:(L,W,R)=(56.337pt, 328.62788pt, 84.50557pt)
* v-part:(T,H,B)=(54.62845pt, 546.29498pt, 81.9427pt)
* \paperwidth=469.47046pt
* \paperheight=682.86613pt
* \textwidth=328.62788pt
* \textheight=546.29498pt
* \oddsidemargin=-15.93298pt
* \evensidemargin=12.23558pt
* \topmargin=-54.64154pt
* \headheight=12.0pt
* \headsep=25.0pt
* \topskip=10.0pt
* \footskip=30.0pt
* \marginparwidth=65.0pt
* \marginparsep=11.0pt
* \columnsep=10.0pt
* \skip\footins=9.0pt plus 4.0pt minus 2.0pt
* \hoffset=0.0pt
* \voffset=0.0pt
* \mag=1000
* \@twocolumnfalse
* \@twosidetrue
* \@mparswitchtrue
* \@reversemarginfalse
* (1in=72.27pt=25.4mm, 1cm=28.453pt)

\AtBeginShipoutBox=\box32
<PDFs/titelsid-sv.pdf, id=1, 597.55246pt x 845.31807pt>
File: PDFs/titelsid-sv.pdf Graphic file (type pdf)

<use PDFs/titelsid-sv.pdf>
Package pdftex.def Info: PDFs/titelsid-sv.pdf used on input line 36.
(pdftex.def)             Requested size: 597.551pt x 845.31601pt.
File: PDFs/titelsid-sv.pdf Graphic file (type pdf)
 <use PDFs/titelsid-sv.pdf>
Package pdftex.def Info: PDFs/titelsid-sv.pdf used on input line 36.
(pdftex.def)             Requested size: 597.551pt x 845.31601pt.

<PDFs/titelsid-sv.pdf, id=4, page=1, 597.55246pt x 845.31807pt>
File: PDFs/titelsid-sv.pdf Graphic file (type pdf)

<use PDFs/titelsid-sv.pdf, page 1>
Package pdftex.def Info: PDFs/titelsid-sv.pdf, page1 used on input line 36.
(pdftex.def)             Requested size: 597.551pt x 845.31601pt.
File: PDFs/titelsid-sv.pdf Graphic file (type pdf)
 <use PDFs/titelsid-sv.pdf, page 1>
Package pdftex.def Info: PDFs/titelsid-sv.pdf, page1 used on input line 36.
(pdftex.def)             Requested size: 469.90033pt x 664.73701pt.
File: PDFs/titelsid-sv.pdf Graphic file (type pdf)

<use PDFs/titelsid-sv.pdf, page 1>
Package pdftex.def Info: PDFs/titelsid-sv.pdf, page1 used on input line 36.
(pdftex.def)             Requested size: 469.90033pt x 664.73701pt.
File: PDFs/titelsid-sv.pdf Graphic file (type pdf)
 <use PDFs/titelsid-sv.pdf, page 1>
Package pdftex.def Info: PDFs/titelsid-sv.pdf, page1 used on input line 36.
(pdftex.def)             Requested size: 469.90033pt x 664.73701pt.
File: PDFs/titelsid-sv.pdf Graphic file (type pdf)

<use PDFs/titelsid-sv.pdf, page 1>
Package pdftex.def Info: PDFs/titelsid-sv.pdf, page1 used on input line 36.
(pdftex.def)             Requested size: 469.90033pt x 664.73701pt.
 [1

 <D:/Kodning/LaTeX/CandidateReport/PDFs/titelsid-sv.pdf>] <PDFs/insid-sv.pdf, i
d=25, 597.55246pt x 845.07718pt>
File: PDFs/insid-sv.pdf Graphic file (type pdf)

<use PDFs/insid-sv.pdf>
Package pdftex.def Info: PDFs/insid-sv.pdf used on input line 37.
(pdftex.def)             Requested size: 597.551pt x 845.07512pt.
File: PDFs/insid-sv.pdf Graphic file (type pdf)
 <use PDFs/insid-sv.pdf>
Package pdftex.def Info: PDFs/insid-sv.pdf used on input line 37.
(pdftex.def)             Requested size: 597.551pt x 845.07512pt.

<PDFs/insid-sv.pdf, id=28, page=1, 597.55246pt x 845.07718pt>
File: PDFs/insid-sv.pdf Graphic file (type pdf)

<use PDFs/insid-sv.pdf, page 1>
Package pdftex.def Info: PDFs/insid-sv.pdf, page1 used on input line 37.
(pdftex.def)             Requested size: 597.551pt x 845.07512pt.
File: PDFs/insid-sv.pdf Graphic file (type pdf)
 <use PDFs/insid-sv.pdf, page 1>
Package pdftex.def Info: PDFs/insid-sv.pdf, page1 used on input line 37.
(pdftex.def)             Requested size: 469.90033pt x 664.54759pt.
File: PDFs/insid-sv.pdf Graphic file (type pdf)

<use PDFs/insid-sv.pdf, page 1>
Package pdftex.def Info: PDFs/insid-sv.pdf, page1 used on input line 37.
(pdftex.def)             Requested size: 469.90033pt x 664.54759pt.
File: PDFs/insid-sv.pdf Graphic file (type pdf)
 <use PDFs/insid-sv.pdf, page 1>
Package pdftex.def Info: PDFs/insid-sv.pdf, page1 used on input line 37.
(pdftex.def)             Requested size: 469.90033pt x 664.54759pt.
File: PDFs/insid-sv.pdf Graphic file (type pdf)

<use PDFs/insid-sv.pdf, page 1>
Package pdftex.def Info: PDFs/insid-sv.pdf, page1 used on input line 37.
(pdftex.def)             Requested size: 469.90033pt x 664.54759pt.
 [2 <D:/Kodning/LaTeX/CandidateReport/PDFs/insid-sv.pdf>] [1


{C:/ProgramData/MiKTeX/2.9/pdftex/config/pdftex.map}]
LaTeX Font Info:    Try loading font information for OMS+cmr on input line 39.

("C:\Program Files\MiKTeX 2.9\tex\latex\base\omscmr.fd"
File: omscmr.fd 1999/05/25 v2.5h Standard LaTeX font definitions
)
LaTeX Font Info:    Font shape `OMS/cmr/m/n' in size <9> not available
(Font)              Font shape `OMS/cmsy/m/n' tried instead on input line 39.
LaTeX Font Info:    Try loading font information for U+msa on input line 39.

("C:\Program Files\MiKTeX 2.9\tex\latex\amsfonts\umsa.fd"
File: umsa.fd 2013/01/14 v3.01 AMS symbols A
)
LaTeX Font Info:    Try loading font information for U+msb on input line 39.

("C:\Program Files\MiKTeX 2.9\tex\latex\amsfonts\umsb.fd"
File: umsb.fd 2013/01/14 v3.01 AMS symbols B
) [2

]
(D:\Kodning\LaTeX\CandidateReport\masterthesiseng.toc)
\tf@toc=\write3
 [1



]
Chapter 1.

Underfull \hbox (badness 10000) in paragraph at lines 43--46

 []

[2

]
Chapter 2.

Underfull \hbox (badness 10000) in paragraph at lines 71--74

 []

<Pics/timeLineUsage.png, id=60, 853.1875pt x 248.93pt>
File: Pics/timeLineUsage.png Graphic file (type png)

<use Pics/timeLineUsage.png>
Package pdftex.def Info: Pics/timeLineUsage.png used on input line 77.
(pdftex.def)             Requested size: 227.62204pt x 66.41054pt.
 [3

 <D:/Kodning/LaTeX/CandidateReport/Pics/timeLineUsage.png>]
Underfull \hbox (badness 10000) in paragraph at lines 110--111

 []


Underfull \hbox (badness 10000) in paragraph at lines 114--117

 []

[4]
Underfull \hbox (badness 10000) in paragraph at lines 120--125

 []


Underfull \hbox (badness 10000) in paragraph at lines 120--125

 []


Underfull \hbox (badness 10000) in paragraph at lines 120--125

 []


Underfull \hbox (badness 10000) in paragraph at lines 131--133

 []


Underfull \hbox (badness 10000) in paragraph at lines 136--139

 []

[5]
Underfull \hbox (badness 10000) in paragraph at lines 141--143

 []

[6]
Underfull \hbox (badness 10000) in paragraph at lines 150--155

 []


Underfull \hbox (badness 10000) in paragraph at lines 170--171

 []

[7]
Underfull \hbox (badness 10000) in paragraph at lines 184--186

 []

<Pics/mitm.png, id=85, 700.6175pt x 320.19624pt>
File: Pics/mitm.png Graphic file (type png)
 <use Pics/mitm.png>
Package pdftex.def Info: Pics/mitm.png used on input line 189.
(pdftex.def)             Requested size: 213.39566pt x 97.52534pt.
 [8 <D:/Kodning/LaTeX/CandidateReport/Pics/mitm.png>]
Underfull \hbox (badness 10000) in paragraph at lines 209--214

 []


Underfull \hbox (badness 10000) in paragraph at lines 209--214

 []


Underfull \hbox (badness 10000) in paragraph at lines 209--214

 []

[9] <Pics/CA.png, id=94, 432.61626pt x 238.8925pt>
File: Pics/CA.png Graphic file (type png)
 <use Pics/CA.png>
Package pdftex.def Info: Pics/CA.png used on input line 222.
(pdftex.def)             Requested size: 113.81102pt x 62.84691pt.

Underfull \hbox (badness 10000) in paragraph at lines 228--230

 []

[10 <D:/Kodning/LaTeX/CandidateReport/Pics/CA.png>]
<Pics/weboftrust.png, id=99, 288.07625pt x 288.07625pt>
File: Pics/weboftrust.png Graphic file (type png)

<use Pics/weboftrust.png>
Package pdftex.def Info: Pics/weboftrust.png used on input line 238.
(pdftex.def)             Requested size: 85.35826pt x 85.35977pt.
 [11 <D:/Kodning/LaTeX/CandidateReport/Pics/weboftrust.png>]
Chapter 3.
<Pics/blockkedjan.png, id=104, 234.8775pt x 310.15875pt>
File: Pics/blockkedjan.png Graphic file (type png)

<use Pics/blockkedjan.png>
Package pdftex.def Info: Pics/blockkedjan.png used on input line 263.
(pdftex.def)             Requested size: 71.13188pt x 93.9286pt.


LaTeX Warning: `!h' float specifier changed to `!ht'.


Underfull \hbox (badness 10000) in paragraph at lines 269--271

 []

[12

]
Underfull \hbox (badness 10000) in paragraph at lines 287--296

 []


Underfull \hbox (badness 10000) in paragraph at lines 287--296

 []


Underfull \hbox (badness 10000) in paragraph at lines 287--296

 []

[13 <D:/Kodning/LaTeX/CandidateReport/Pics/blockkedjan.png>]
Underfull \hbox (badness 10000) in paragraph at lines 298--304

 []


Underfull \hbox (badness 10000) in paragraph at lines 298--304

 []


Underfull \hbox (badness 10000) in paragraph at lines 298--304

 []


Underfull \hbox (badness 10000) in paragraph at lines 298--304

 []


Underfull \hbox (badness 10000) in paragraph at lines 298--304

 []

[14] [15]
Underfull \hbox (badness 10000) in paragraph at lines 307--309

 []

<Pics/smallattacktree.png, id=119, 766.865pt x 362.35374pt>
File: Pics/smallattacktree.png Graphic file (type png)

<use Pics/smallattacktree.png>
Package pdftex.def Info: Pics/smallattacktree.png used on input line 316.
(pdftex.def)             Requested size: 256.0748pt x 120.99806pt.

Underfull \hbox (badness 10000) in paragraph at lines 322--329

 []


Underfull \hbox (badness 10000) in paragraph at lines 322--329

 []


Underfull \hbox (badness 10000) in paragraph at lines 322--329

 []

[16 <D:/Kodning/LaTeX/CandidateReport/Pics/smallattacktree.png>] [17]
Underfull \hbox (badness 10000) in paragraph at lines 332--337

 []


Underfull \hbox (badness 10000) in paragraph at lines 332--337

 []


Underfull \hbox (badness 10000) in paragraph at lines 332--337

 []


Underfull \hbox (badness 10000) in paragraph at lines 338--343

 []


Underfull \hbox (badness 10000) in paragraph at lines 338--343

 []


Underfull \hbox (badness 10000) in paragraph at lines 338--343

 []


Underfull \hbox (badness 10000) in paragraph at lines 344--348

 []

[18]
Underfull \hbox (badness 10000) in paragraph at lines 351--358

 []


Underfull \hbox (badness 10000) in paragraph at lines 351--358

 []


Underfull \hbox (badness 10000) in paragraph at lines 351--358

 []


Underfull \hbox (badness 10000) in paragraph at lines 351--358

 []


Underfull \hbox (badness 10000) in paragraph at lines 351--358

 []


Underfull \hbox (badness 10000) in paragraph at lines 359--363

 []

[19]
Underfull \hbox (badness 10000) in paragraph at lines 366--368

 []


Underfull \hbox (badness 10000) in paragraph at lines 373--375

 []

[20]
Underfull \hbox (badness 10000) in paragraph at lines 378--380

 []


Underfull \hbox (badness 10000) in paragraph at lines 382--384

 []

[21]
Underfull \hbox (badness 10000) in paragraph at lines 395--397

 []

(D:\Kodning\LaTeX\CandidateReport\masterthesiseng.bbl [22]
Underfull \hbox (badness 10000) in paragraph at lines 9--12
$\OT1/cmtt/m/n/9 site / documentation / en-[]US / Red _ Hat _ Certificate _ Sys
tem / 8 . 0 / html /$
 []


Underfull \hbox (badness 5036) in paragraph at lines 18--22
[]\OT1/cmr/m/n/9 M. Joseph, ``Ex-clu-sive: Nsa in-fil-trated rsa se-cu-rity mor
e deeply
 []


Underfull \hbox (badness 1888) in paragraph at lines 18--22
\OT1/cmr/m/n/9 than thought - study.'' $\OT1/cmtt/m/n/9 http : / / www . reuter
s . com / article / 2014 / 03 / 31 /$
 []

[23

]
Underfull \hbox (badness 10000) in paragraph at lines 74--78
[]\OT1/cmr/m/n/9 D. Goodin, ``French agency caught mint-ing ssl cer-tifi-cates 
im-
 []


Underfull \hbox (badness 10000) in paragraph at lines 74--78
\OT1/cmr/m/n/9 per-son-at-ing google.'' $\OT1/cmtt/m/n/9 http : / / arstechnica
 . com / security / 2013 / 12 /$
 []


Overfull \hbox (13.40166pt too wide) in paragraph at lines 74--78
$\OT1/cmtt/m/n/9 french-[]agency-[]caught-[]minting-[]ssl-[]certificates-[]impe
rsonating-[]google/$\OT1/cmr/m/n/9 ,
 []


Underfull \hbox (badness 1796) in paragraph at lines 98--100
[]\OT1/cmr/m/n/9 B. Schneier, ``Mod-el-ing se-cu-rity threats.'' $\OT1/cmtt/m/n
/9 https : / / www . schneier . com /$
 []


Underfull \hbox (badness 3460) in paragraph at lines 102--104
[]\OT1/cmr/m/n/9 Extolabs, ``Ex1 spec-i-fi-ca-tion.'' $\OT1/cmtt/m/n/9 http : /
 / www . extolabs . com / product-[]ex1$\OT1/cmr/m/n/9 ,
 []


Underfull \hbox (badness 2042) in paragraph at lines 106--108
[]\OT1/cmr/m/n/9 M. Rosen-feld, ``Anal-y-sis of hashrate-based dou-ble spend-in
g,'' \OT1/cmr/m/it/9 CoRR\OT1/cmr/m/n/9 ,
 []

) [24]
Appendix A.
<Pics/attacktree.png, id=150, 965.6075pt x 1834.855pt>
File: Pics/attacktree.png Graphic file (type png)

<use Pics/attacktree.png>
Package pdftex.def Info: Pics/attacktree.png used on input line 414.
(pdftex.def)             Requested size: 341.43018pt x 441.01814pt.

Overfull \hbox (12.80229pt too wide) in paragraph at lines 414--415
 [][] 
 []

<Pics/hashrate.png, id=151, 269.50688pt x 1023.07219pt>
File: Pics/hashrate.png Graphic file (type png)

<use Pics/hashrate.png>
Package pdftex.def Info: Pics/hashrate.png used on input line 421.
(pdftex.def)             Requested size: 116.17355pt x 441.01772pt.

Underfull \hbox (badness 10000) in paragraph at lines 422--422
[]\OT1/cmr/m/n/10 Figure A.2: The hash rate of the Name-coin net-work
 []


Underfull \hbox (badness 10000) in paragraph at lines 422--422
\OT1/cmr/m/n/10 the last 6 months. Mea-sured in $\OML/cmm/m/it/10 hash=s$\OT1/c
mr/m/n/10 . Avail-able at:
 []


LaTeX Warning: `!h' float specifier changed to `!ht'.

\@filenumb=\write4
[25

 <D:/Kodning/LaTeX/CandidateReport/Pics/attacktree.png>] [26 <D:/Kodning/LaTeX/
CandidateReport/Pics/hashrate.png>]
(D:\Kodning\LaTeX\CandidateReport\masterthesiseng.aux) ) 
Here is how much of TeX's memory you used:
 5420 strings out of 493921
 75171 string characters out of 3147282
 164753 words of memory out of 3000000
 8581 multiletter control sequences out of 15000+200000
 15437 words of font info for 58 fonts, out of 3000000 for 9000
 841 hyphenation exceptions out of 8191
 40i,18n,47p,1849b,421s stack positions out of 5000i,500n,10000p,200000b,50000s
<C:/Program Files/MiKTe
X 2.9/fonts/type1/public/amsfonts/cm/cmbx10.pfb><C:/Program Files/MiKTeX 2.9/fo
nts/type1/public/amsfonts/cm/cmbx12.pfb><C:/Program Files/MiKTeX 2.9/fonts/type
1/public/amsfonts/cm/cmbx9.pfb><C:/Program Files/MiKTeX 2.9/fonts/type1/public/
amsfonts/cm/cmmi10.pfb><C:/Program Files/MiKTeX 2.9/fonts/type1/public/amsfonts
/cm/cmmi6.pfb><C:/Program Files/MiKTeX 2.9/fonts/type1/public/amsfonts/cm/cmmi9
.pfb><C:/Program Files/MiKTeX 2.9/fonts/type1/public/amsfonts/cm/cmr10.pfb><C:/
Program Files/MiKTeX 2.9/fonts/type1/public/amsfonts/cm/cmr6.pfb><C:/Program Fi
les/MiKTeX 2.9/fonts/type1/public/amsfonts/cm/cmr8.pfb><C:/Program Files/MiKTeX
 2.9/fonts/type1/public/amsfonts/cm/cmr9.pfb><C:/Program Files/MiKTeX 2.9/fonts
/type1/public/amsfonts/cm/cmsl10.pfb><C:/Program Files/MiKTeX 2.9/fonts/type1/p
ublic/amsfonts/cm/cmsy6.pfb><C:/Program Files/MiKTeX 2.9/fonts/type1/public/ams
fonts/cm/cmsy9.pfb><C:/Program Files/MiKTeX 2.9/fonts/type1/public/amsfonts/cm/
cmti9.pfb><C:/Program Files/MiKTeX 2.9/fonts/type1/public/amsfonts/cm/cmtt9.pfb
><C:/Program Files/MiKTeX 2.9/fonts/type1/public/amsfonts/symbols/msbm10.pfb>
Output written on masterthesiseng.pdf (30 pages, 719901 bytes).
PDF statistics:
 210 PDF objects out of 1000 (max. 8388607)
 0 named destinations out of 1000 (max. 500000)
 81 words of extra memory for PDF output out of 10000 (max. 10000000)

